INFO  [2020-02-13 14:42:11,676] io.dropwizard.server.DefaultServerFactory: Registering jersey handler with root path prefix: /
INFO  [2020-02-13 14:42:11,679] io.dropwizard.server.DefaultServerFactory: Registering admin handler with root path prefix: /
INFO  [2020-02-13 14:42:11,707] io.dropwizard.hibernate.SessionFactoryFactory: Entity classes: [ie.tcd.cs7cs3.undersvc.core.Group, ie.tcd.cs7cs3.undersvc.core.GroupMember, ie.tcd.cs7cs3.undersvc.core.GroupRestriction]
INFO  [2020-02-13 14:42:11,711] org.hibernate.spatial.integration.SpatialService: HHH80000001: hibernate-spatial integration enabled : true
INFO  [2020-02-13 14:42:11,774] org.hibernate.dialect.Dialect: HHH000400: Using dialect: org.hibernate.spatial.dialect.h2geodb.GeoDBDialect
INFO  [2020-02-13 14:42:11,887] io.dropwizard.server.ServerFactory: Starting undersvc
================================================================================

                              undersvc

================================================================================

INFO  [2020-02-13 14:42:12,017] org.eclipse.jetty.setuid.SetUIDListener: Opened application@73963d76{HTTP/1.1,[http/1.1]}{0.0.0.0:60476}
INFO  [2020-02-13 14:42:12,017] org.eclipse.jetty.setuid.SetUIDListener: Opened admin@5cf09cc1{HTTP/1.1,[http/1.1]}{0.0.0.0:60477}
INFO  [2020-02-13 14:42:12,021] org.eclipse.jetty.server.Server: jetty-9.4.24.v20191120; built: 2019-11-20T21:37:49.771Z; git: 363d5f2df3a8a28de40604320230664b9c793c16; jvm 13.0.2+8
INFO  [2020-02-13 14:42:13,036] io.dropwizard.jersey.DropwizardResourceConfig: The following paths were found for the configured resources:

    GET     /groups (ie.tcd.cs7cs3.undersvc.resources.GroupsResource)
    POST    /groups (ie.tcd.cs7cs3.undersvc.resources.GroupsResource)

INFO  [2020-02-13 14:42:13,040] org.eclipse.jetty.server.handler.ContextHandler: Started i.d.j.MutableServletContextHandler@b7be802{/,null,AVAILABLE}
INFO  [2020-02-13 14:42:13,050] io.dropwizard.setup.AdminEnvironment: tasks = 

    POST    /tasks/log-level (io.dropwizard.servlets.tasks.LogConfigurationTask)
    POST    /tasks/gc (io.dropwizard.servlets.tasks.GarbageCollectionTask)

INFO  [2020-02-13 14:42:13,066] org.eclipse.jetty.server.handler.ContextHandler: Started i.d.j.MutableServletContextHandler@3c5c233b{/,null,AVAILABLE}
INFO  [2020-02-13 14:42:13,087] org.eclipse.jetty.server.AbstractConnector: Started application@73963d76{HTTP/1.1,[http/1.1]}{0.0.0.0:60476}
INFO  [2020-02-13 14:42:13,094] org.eclipse.jetty.server.AbstractConnector: Started admin@5cf09cc1{HTTP/1.1,[http/1.1]}{0.0.0.0:60477}
INFO  [2020-02-13 14:42:13,095] org.eclipse.jetty.server.Server: Started @8593ms
INFO  [2020-02-13 14:42:14,078] org.hibernate.engine.internal.StatisticalLoggingSessionEventListener: Session Metrics {
    731400 nanoseconds spent acquiring 1 JDBC connections;
    34300 nanoseconds spent releasing 1 JDBC connections;
    38047100 nanoseconds spent preparing 3 JDBC statements;
    5744700 nanoseconds spent executing 3 JDBC statements;
    0 nanoseconds spent executing 0 JDBC batches;
    0 nanoseconds spent performing 0 L2C puts;
    0 nanoseconds spent performing 0 L2C hits;
    0 nanoseconds spent performing 0 L2C misses;
    17337800 nanoseconds spent executing 1 flushes (flushing a total of 3 entities and 2 collections);
    0 nanoseconds spent executing 0 partial-flushes (flushing a total of 0 entities and 0 collections)
}
INFO  [2020-02-13 14:42:14,105] org.eclipse.jetty.server.AbstractConnector: Stopped application@73963d76{HTTP/1.1,[http/1.1]}{0.0.0.0:0}
INFO  [2020-02-13 14:42:14,108] org.eclipse.jetty.server.AbstractConnector: Stopped admin@5cf09cc1{HTTP/1.1,[http/1.1]}{0.0.0.0:0}
INFO  [2020-02-13 14:42:14,110] org.eclipse.jetty.server.handler.ContextHandler: Stopped i.d.j.MutableServletContextHandler@3c5c233b{/,null,UNAVAILABLE}
INFO  [2020-02-13 14:42:14,117] org.eclipse.jetty.server.handler.ContextHandler: Stopped i.d.j.MutableServletContextHandler@b7be802{/,null,UNAVAILABLE}
